<?xml version="1.0" encoding="UTF-8"?>
<!-- Generated by org.testng.reporters.JUnitReportReporter -->
<testsuite hostname="CPDK245" failures="0" tests="2" name="StepDefinition.PageFactoryTestRunner" time="116.765" errors="0" timestamp="2024-07-12T20:23:46 IST" skipped="0">
  <testcase classname="StepDefinition.PageFactoryTestRunner" name="runScenario" time="52.340"/>
  <testcase classname="StepDefinition.PageFactoryTestRunner" name="runScenario" time="64.425"/>
</testsuite> <!-- StepDefinition.PageFactoryTestRunner -->
