<?xml version="1.0" encoding="UTF-8"?>
<!-- Generated by org.testng.reporters.JUnitReportReporter -->
<testsuite hostname="CPDK342" failures="0" tests="1" name="StepDefinition.PageFactoryTestRunner" time="36.752" errors="0" timestamp="2024-07-16T19:36:05 IST" skipped="0">
  <testcase classname="StepDefinition.PageFactoryTestRunner" name="runScenario" time="36.752"/>
</testsuite> <!-- StepDefinition.PageFactoryTestRunner -->
