<?xml version="1.0" encoding="UTF-8"?>
<!-- Generated by org.testng.reporters.JUnitReportReporter -->
<testsuite hostname="CPDK054" failures="0" tests="2" name="StepDefinition.CucumberTestRunner" time="57.518" errors="0" timestamp="2024-07-15T18:32:38 IST" skipped="0">
  <testcase classname="StepDefinition.CucumberTestRunner" name="runScenario" time="38.148"/>
  <testcase classname="StepDefinition.CucumberTestRunner" name="runScenario" time="19.370"/>
</testsuite> <!-- StepDefinition.CucumberTestRunner -->
