<?xml version="1.0" encoding="UTF-8"?>
<!-- Generated by org.testng.reporters.JUnitReportReporter -->
<testsuite hostname="CPDK346" failures="0" tests="1" name="CucumberTestRunner.ParameterizationTestRunner" time="20.250" errors="0" timestamp="2024-07-16T13:29:49 IST" skipped="0">
  <testcase classname="CucumberTestRunner.ParameterizationTestRunner" name="runScenario" time="20.250"/>
</testsuite> <!-- CucumberTestRunner.ParameterizationTestRunner -->
