<?xml version="1.0" encoding="UTF-8"?>
<!-- Generated by org.testng.reporters.JUnitReportReporter -->
<testsuite hostname="CPDK245" failures="0" tests="1" name="CucumberTestRunner.POMTestRunner$CucmberTestRunner" time="84.322" errors="0" timestamp="2024-07-15T14:45:54 IST" skipped="0">
  <testcase classname="CucumberTestRunner.POMTestRunner$CucmberTestRunner" name="runScenario" time="84.322"/>
</testsuite> <!-- CucumberTestRunner.POMTestRunner$CucmberTestRunner -->
