<?xml version="1.0" encoding="UTF-8"?>
<!-- Generated by org.testng.reporters.JUnitReportReporter -->
<testsuite hostname="CPDK116" failures="0" tests="1" name="cucumberTestRunner.PomTestRunner" time="94.966" errors="0" timestamp="2024-07-16T19:09:05 IST" skipped="0">
  <testcase classname="cucumberTestRunner.PomTestRunner" name="runScenario" time="94.966"/>
</testsuite> <!-- cucumberTestRunner.PomTestRunner -->
