<?xml version="1.0" encoding="UTF-8"?>
<!-- Generated by org.testng.reporters.JUnitReportReporter -->
<testsuite hostname="CPDK060" failures="0" tests="2" name="StepDefinition.CucumberTestRunner" time="58.463" errors="0" timestamp="2024-07-16T12:12:03 IST" skipped="0">
  <testcase classname="StepDefinition.CucumberTestRunner" name="runScenario" time="16.668"/>
  <testcase classname="StepDefinition.CucumberTestRunner" name="runScenario" time="41.795"/>
</testsuite> <!-- StepDefinition.CucumberTestRunner -->
