<?xml version="1.0" encoding="UTF-8"?>
<!-- Generated by org.testng.reporters.JUnitReportReporter -->
<testsuite hostname="CPDK190" failures="0" tests="4" name="StepDefinition.CucumberTestRunner" time="56.674" errors="0" timestamp="2024-07-12T18:21:14 IST" skipped="0">
  <testcase classname="StepDefinition.CucumberTestRunner" name="runScenario" time="13.976"/>
  <testcase classname="StepDefinition.CucumberTestRunner" name="runScenario" time="14.751"/>
  <testcase classname="StepDefinition.CucumberTestRunner" name="runScenario" time="14.701"/>
  <testcase classname="StepDefinition.CucumberTestRunner" name="runScenario" time="13.246"/>
</testsuite> <!-- StepDefinition.CucumberTestRunner -->
