<?xml version="1.0" encoding="UTF-8"?>
<!-- Generated by org.testng.reporters.JUnitReportReporter -->
<testsuite hostname="DESKTOP-Q04HI42" failures="0" tests="1" name="CucumberTestRunner.POMTestrunner" time="23.683" errors="0" timestamp="2024-07-13T19:27:40 IST" skipped="0">
  <testcase classname="CucumberTestRunner.POMTestrunner" name="runScenario" time="23.683"/>
</testsuite> <!-- CucumberTestRunner.POMTestrunner -->
