<?xml version="1.0" encoding="UTF-8"?>
<!-- Generated by org.testng.reporters.JUnitReportReporter -->
<testsuite hostname="CPDK311" failures="0" tests="1" name="cucumberTestRunner.POMTestRunner" time="92.393" errors="0" timestamp="2024-07-16T11:47:25 IST" skipped="0">
  <testcase classname="cucumberTestRunner.POMTestRunner" name="runScenario" time="92.393"/>
</testsuite> <!-- cucumberTestRunner.POMTestRunner -->
